<?xml version="1.0" encoding="UTF-8"?>
<!-- Generated by org.testng.reporters.JUnitReportReporter -->
<testsuite skipped="0" hostname="SonaliKhopde" name="mavenProject.GoogleTest" tests="1" failures="0" timestamp="07 Mar 2019 09:56:54 GMT" time="0.019" errors="0">
  <testcase name="launchTest" time="0.019" classname="mavenProject.GoogleTest"/>
</testsuite> <!-- mavenProject.GoogleTest -->
