<?xml version="1.0" encoding="UTF-8"?>
<!-- Generated by org.testng.reporters.JUnitReportReporter -->
<testsuite skipped="0" hostname="SonaliKhopde" name="mavenProject.Google" tests="1" failures="0" timestamp="07 Mar 2019 09:50:36 GMT" time="0.018" errors="0">
  <testcase name="launchTest" time="0.018" classname="mavenProject.Google"/>
</testsuite> <!-- mavenProject.Google -->
